2024-05-23 13:23:30.656 [info] ログ レベル: Info
2024-05-23 13:23:30.656 [info] Git の検証が検出されました: "git"
2024-05-23 13:23:30.656 [info] "git" から Git "2.34.1" を使用しています
2024-05-23 13:23:30.656 [info] > git rev-parse --show-toplevel [3ms]
2024-05-23 13:23:30.656 [info] fatal: not a git repository (or any of the parent directories): .git
2024-05-23 13:23:30.656 [info] > git rev-parse --show-toplevel [1ms]
2024-05-23 13:23:30.656 [info] fatal: not a git repository (or any of the parent directories): .git
2024-05-23 13:23:30.656 [info] > git rev-parse --show-toplevel [1ms]
2024-05-23 13:23:30.656 [info] fatal: not a git repository (or any of the parent directories): .git
2024-05-23 13:23:30.656 [info] > git rev-parse --show-toplevel [2ms]
2024-05-23 13:23:30.656 [info] fatal: not a git repository (or any of the parent directories): .git
2024-05-23 13:23:30.656 [info] > git rev-parse --show-toplevel [1ms]
2024-05-23 13:23:30.656 [info] fatal: not a git repository (or any of the parent directories): .git
2024-05-23 13:23:30.656 [info] > git rev-parse --show-toplevel [1ms]
2024-05-23 13:23:30.656 [info] fatal: not a git repository (or any of the parent directories): .git
2024-05-23 13:23:30.656 [info] > git rev-parse --show-toplevel [1ms]
2024-05-23 13:23:30.656 [info] fatal: not a git repository (or any of the parent directories): .git
2024-05-23 13:23:30.656 [info] > git rev-parse --show-toplevel [1ms]
2024-05-23 13:23:30.656 [info] fatal: not a git repository (or any of the parent directories): .git
2024-05-23 13:23:30.656 [info] > git rev-parse --show-toplevel [2ms]
2024-05-23 13:23:30.656 [info] fatal: not a git repository (or any of the parent directories): .git
2024-05-23 13:23:30.656 [info] > git rev-parse --show-toplevel [3ms]
2024-05-23 13:23:30.656 [info] fatal: not a git repository (or any of the parent directories): .git
2024-05-23 13:23:30.656 [info] > git rev-parse --show-toplevel [4ms]
2024-05-23 13:23:30.656 [info] fatal: not a git repository (or any of the parent directories): .git
2024-05-23 13:23:30.656 [info] > git rev-parse --show-toplevel [9ms]
2024-05-23 13:23:30.656 [info] fatal: not a git repository (or any of the parent directories): .git
2024-05-23 13:23:33.623 [info] > git rev-parse --show-toplevel [0ms]
2024-05-23 13:23:33.623 [info] fatal: not a git repository (or any of the parent directories): .git
2024-05-23 13:23:50.431 [info] > git rev-parse --show-toplevel [1ms]
2024-05-23 13:23:50.431 [info] fatal: not a git repository (or any of the parent directories): .git
2024-05-23 13:23:52.197 [info] > git rev-parse --show-toplevel [1ms]
2024-05-23 13:23:52.197 [info] fatal: not a git repository (or any of the parent directories): .git
2024-05-23 13:23:53.192 [info] > git rev-parse --show-toplevel [1ms]
2024-05-23 13:23:53.192 [info] fatal: not a git repository (or any of the parent directories): .git
2024-05-23 13:35:09.423 [info] > git rev-parse --show-toplevel [1ms]
2024-05-23 13:35:09.423 [info] fatal: not a git repository (or any of the parent directories): .git
2024-05-23 14:03:09.764 [info] > git init -b main [24ms]
2024-05-23 14:03:09.771 [info] > git rev-parse --show-toplevel [2ms]
2024-05-23 14:03:09.776 [info] > git rev-parse --git-dir --git-common-dir [1ms]
2024-05-23 14:03:09.793 [info] Open repository: /home/fukasawa/test-project
2024-05-23 14:03:09.808 [info] > git config --get commit.template [1ms]
2024-05-23 14:03:09.808 [info] > git fetch [15ms]
2024-05-23 14:03:09.817 [info] No remotes found in the git config file.
2024-05-23 14:03:09.818 [info] > git for-each-ref --format=%(refname)%00%(upstream:short)%00%(objectname)%00%(upstream:track)%00%(upstream:remotename)%00%(upstream:remoteref) refs/heads/main refs/remotes/main [2ms]
2024-05-23 14:03:09.819 [warning] No such branch: main.
2024-05-23 14:03:09.823 [info] > git config --get commit.template [9ms]
2024-05-23 14:03:09.826 [info] No remotes found in the git config file.
2024-05-23 14:03:09.830 [info] > git config --get commit.template [1ms]
2024-05-23 14:03:09.830 [info] > git for-each-ref --format=%(refname)%00%(upstream:short)%00%(objectname)%00%(upstream:track)%00%(upstream:remotename)%00%(upstream:remoteref) refs/heads/main refs/remotes/main [4ms]
2024-05-23 14:03:09.830 [warning] No such branch: main.
2024-05-23 14:03:09.837 [info] No remotes found in the git config file.
2024-05-23 14:03:09.838 [info] > git for-each-ref --format=%(refname)%00%(upstream:short)%00%(objectname)%00%(upstream:track)%00%(upstream:remotename)%00%(upstream:remoteref) refs/heads/main refs/remotes/main [1ms]
2024-05-23 14:03:09.838 [warning] No such branch: main.
2024-05-23 14:03:09.844 [info] > git status -z -uall [2ms]
2024-05-23 14:03:09.867 [info] > git add -A -- . [67ms]
2024-05-23 14:03:09.965 [info] > git -c user.useConfigOnly=true commit --quiet --allow-empty-message --file - --allow-empty-message [92ms]
2024-05-23 14:03:09.965 [info] Author identity unknown

*** Please tell me who you are.

Run

  git config --global user.email "you@example.com"
  git config --global user.name "Your Name"

to set your account's default identity.
Omit --global to set the identity only in this repository.

fatal: no email was given and auto-detection is disabled
2024-05-23 14:03:09.977 [info] > git config --get-all user.name [6ms]
2024-05-23 14:03:09.991 [info] No remotes found in the git config file.
2024-05-23 14:03:09.991 [info] > git config --get commit.template [6ms]
2024-05-23 14:03:09.993 [info] > git for-each-ref --format=%(refname)%00%(upstream:short)%00%(objectname)%00%(upstream:track)%00%(upstream:remotename)%00%(upstream:remoteref) refs/heads/main refs/remotes/main [1ms]
2024-05-23 14:03:09.993 [warning] No such branch: main.
2024-05-23 14:03:10.000 [info] > git status -z -uall [2ms]
2024-05-23 14:03:10.412 [info] > git show --textconv :config/auth.php [4ms]
2024-05-23 14:03:10.413 [info] > git ls-files --stage -- /home/fukasawa/test-project/config/auth.php [2ms]
2024-05-23 14:03:10.418 [info] > git cat-file -s 0ba5d5d8f10c959d538e1e6ae87aa271d41e1ff0 [1ms]
2024-05-23 14:03:10.630 [info] > git check-ignore -v -z --stdin [1ms]
2024-05-23 14:03:11.134 [info] > git config --get commit.template [1ms]
2024-05-23 14:03:11.139 [info] No remotes found in the git config file.
2024-05-23 14:03:11.139 [info] > git for-each-ref --format=%(refname)%00%(upstream:short)%00%(objectname)%00%(upstream:track)%00%(upstream:remotename)%00%(upstream:remoteref) refs/heads/main refs/remotes/main [1ms]
2024-05-23 14:03:11.139 [warning] No such branch: main.
2024-05-23 14:03:11.144 [info] > git status -z -uall [2ms]
2024-05-23 14:03:11.239 [info] > git ls-files --stage -- /home/fukasawa/test-project/config/auth.php [0ms]
2024-05-23 14:03:11.244 [info] > git cat-file -s 0ba5d5d8f10c959d538e1e6ae87aa271d41e1ff0 [1ms]
2024-05-23 14:03:11.289 [info] > git show --textconv :config/auth.php [1ms]
2024-05-23 14:03:22.103 [info] > git -c user.useConfigOnly=true commit --quiet --allow-empty-message --file - [1ms]
2024-05-23 14:03:22.103 [info] Author identity unknown

*** Please tell me who you are.

Run

  git config --global user.email "you@example.com"
  git config --global user.name "Your Name"

to set your account's default identity.
Omit --global to set the identity only in this repository.

fatal: no email was given and auto-detection is disabled
2024-05-23 14:03:22.107 [info] > git config --get-all user.name [1ms]
2024-05-23 14:03:22.117 [info] No remotes found in the git config file.
2024-05-23 14:03:22.118 [info] > git config --get commit.template [4ms]
2024-05-23 14:03:22.118 [info] > git for-each-ref --format=%(refname)%00%(upstream:short)%00%(objectname)%00%(upstream:track)%00%(upstream:remotename)%00%(upstream:remoteref) refs/heads/main refs/remotes/main [1ms]
2024-05-23 14:03:22.118 [warning] No such branch: main.
2024-05-23 14:03:22.123 [info] > git status -z -uall [2ms]
